<?xml version="1.0" encoding="UTF-8"?>
<!-- Generated by org.testng.reporters.JUnitReportReporter -->
<testsuite hostname="DESKTOP-FAAJO8O" failures="0" tests="1" name="com.test.testng.calsses.Homepage" time="0.003" errors="0" timestamp="2022-03-14T16:40:16 IST" skipped="0">
  <testcase classname="com.test.testng.calsses.Homepage" name="Tc1" time="0.003"/>
  <system-out/>
</testsuite> <!-- com.test.testng.calsses.Homepage -->
