<?xml version="1.0" encoding="UTF-8"?>
<!-- Generated by org.testng.reporters.JUnitReportReporter -->
<testsuite hostname="DESKTOP-FAAJO8O" failures="0" tests="1" name="com.test.testng.calsses.NewTest1" time="0.017" errors="0" timestamp="2022-03-14T15:53:43 IST" skipped="0">
  <testcase classname="com.test.testng.calsses.NewTest1" name="f" time="0.017"/>
  <system-out/>
</testsuite> <!-- com.test.testng.calsses.NewTest1 -->
