<?xml version="1.0" encoding="UTF-8"?>
<!-- Generated by org.testng.reporters.JUnitReportReporter -->
<testsuite hostname="DESKTOP-FAAJO8O" failures="0" tests="3" name="com.test.testng.calsses.TestNGBasics" time="0.023" errors="0" timestamp="2022-03-20T00:27:55 IST" skipped="0">
  <testcase classname="com.test.testng.calsses.TestNGBasics" name="searchtest" time="0.005"/>
  <system-out/>
  <testcase classname="com.test.testng.calsses.TestNGBasics" name="GogleLogoTest" time="0.012"/>
  <system-out/>
  <testcase classname="com.test.testng.calsses.TestNGBasics" name="googeltitleTest" time="0.006"/>
  <system-out/>
</testsuite> <!-- com.test.testng.calsses.TestNGBasics -->
