<?xml version="1.0" encoding="UTF-8"?>
<!-- Generated by org.testng.reporters.JUnitReportReporter -->
<testsuite hostname="DESKTOP-FAAJO8O" failures="0" tests="3" name="com.test.testng.calsses.LoginTest" time="0.031" errors="0" timestamp="2022-03-16T00:10:45 IST" skipped="0">
  <testcase classname="com.test.testng.calsses.LoginTest" name="TC3" time="0.005"/>
  <system-out>
    <![CDATA[I am Login information from TC3]]>
  </system-out>
  <testcase classname="com.test.testng.calsses.LoginTest" name="TC2" time="0.017"/>
  <system-out/>
  <testcase classname="com.test.testng.calsses.LoginTest" name="TC1" time="0.009"/>
  <system-out/>
</testsuite> <!-- com.test.testng.calsses.LoginTest -->
