<?xml version="1.0" encoding="UTF-8"?>
<!-- Generated by org.testng.reporters.JUnitReportReporter -->
<testsuite hostname="DESKTOP-FAAJO8O" failures="0" tests="1" name="com.test.testng.calsses.NewTest" time="0.003" errors="0" timestamp="2022-03-15T23:24:21 IST" skipped="0">
  <testcase classname="com.test.testng.calsses.NewTest" name="f" time="0.003"/>
  <system-out/>
</testsuite> <!-- com.test.testng.calsses.NewTest -->
